# JRE version: OpenJDK Runtime Environment (8.0_272-b10) (build 1.8.0_272-b10)
# Java VM: OpenJDK 64-Bit Server VM (25.272-b10 mixed mode windows-amd64 compressed oops)
Heap:
 PSYoungGen      total 137728K, used 79655K [0x00000000f5580000, 0x00000000ffe00000, 0x0000000100000000)
  eden space 102400K, 66% used [0x00000000f5580000,0x00000000f9861150,0x00000000fb980000)
  from space 35328K, 31% used [0x00000000fb980000,0x00000000fc468d20,0x00000000fdc00000)
  to   space 33792K, 0% used [0x00000000fdd00000,0x00000000fdd00000,0x00000000ffe00000)
 ParOldGen       total 222208K, used 117957K [0x00000000e0000000, 0x00000000ed900000, 0x00000000f5580000)
  object space 222208K, 53% used [0x00000000e0000000,0x00000000e73314d8,0x00000000ed900000)
 Metaspace       used 92298K, capacity 98392K, committed 98560K, reserved 1134592K
  class space    used 12735K, capacity 13988K, committed 14080K, reserved 1048576K
GC Heap History (10 events):
Event: 91.345 GC heap before
{Heap before GC invocations=18 (full 3):
 PSYoungGen      total 121856K, used 121832K [0x00000000f5580000, 0x0000000100000000, 0x0000000100000000)
  eden space 95744K, 100% used [0x00000000f5580000,0x00000000fb300000,0x00000000fb300000)
  from space 26112K, 99% used [0x00000000fe680000,0x00000000ffffa050,0x0000000100000000)
  to   space 39424K, 0% used [0x00000000fb300000,0x00000000fb300000,0x00000000fd980000)
 ParOldGen       total 222208K, used 67497K [0x00000000e0000000, 0x00000000ed900000, 0x00000000f5580000)
  object space 222208K, 30% used [0x00000000e0000000,0x00000000e41ea7c8,0x00000000ed900000)
 Metaspace       used 79424K, capacity 84886K, committed 84992K, reserved 1122304K
  class space    used 11110K, capacity 12262K, committed 12288K, reserved 1048576K
Event: 91.421 GC heap after
Heap after GC invocations=18 (full 3):
 PSYoungGen      total 135168K, used 18092K [0x00000000f5580000, 0x0000000100000000, 0x0000000100000000)
  eden space 95744K, 0% used [0x00000000f5580000,0x00000000f5580000,0x00000000fb300000)
  from space 39424K, 45% used [0x00000000fb300000,0x00000000fc4ab098,0x00000000fd980000)
  to   space 37376K, 0% used [0x00000000fdb80000,0x00000000fdb80000,0x0000000100000000)
 ParOldGen       total 222208K, used 82642K [0x00000000e0000000, 0x00000000ed900000, 0x00000000f5580000)
  object space 222208K, 37% used [0x00000000e0000000,0x00000000e50b4928,0x00000000ed900000)
 Metaspace       used 79424K, capacity 84886K, committed 84992K, reserved 1122304K
  class space    used 11110K, capacity 12262K, committed 12288K, reserved 1048576K
}
Event: 94.768 GC heap before
{Heap before GC invocations=19 (full 3):
 PSYoungGen      total 135168K, used 113836K [0x00000000f5580000, 0x0000000100000000, 0x0000000100000000)
  eden space 95744K, 100% used [0x00000000f5580000,0x00000000fb300000,0x00000000fb300000)
  from space 39424K, 45% used [0x00000000fb300000,0x00000000fc4ab098,0x00000000fd980000)
  to   space 37376K, 0% used [0x00000000fdb80000,0x00000000fdb80000,0x0000000100000000)
 ParOldGen       total 222208K, used 82642K [0x00000000e0000000, 0x00000000ed900000, 0x00000000f5580000)
  object space 222208K, 37% used [0x00000000e0000000,0x00000000e50b4928,0x00000000ed900000)
 Metaspace       used 80515K, capacity 86224K, committed 86400K, reserved 1124352K
  class space    used 11220K, capacity 12395K, committed 12416K, reserved 1048576K
Event: 94.856 GC heap after
Heap after GC invocations=19 (full 3):
 PSYoungGen      total 131072K, used 13612K [0x00000000f5580000, 0x00000000ffc00000, 0x0000000100000000)
  eden space 97792K, 0% used [0x00000000f5580000,0x00000000f5580000,0x00000000fb500000)
  from space 33280K, 40% used [0x00000000fdb80000,0x00000000fe8cb218,0x00000000ffc00000)
  to   space 36352K, 0% used [0x00000000fb500000,0x00000000fb500000,0x00000000fd880000)
 ParOldGen       total 222208K, used 92806K [0x00000000e0000000, 0x00000000ed900000, 0x00000000f5580000)
  object space 222208K, 41% used [0x00000000e0000000,0x00000000e5aa18f8,0x00000000ed900000)
 Metaspace       used 80515K, capacity 86224K, committed 86400K, reserved 1124352K
  class space    used 11220K, capacity 12395K, committed 12416K, reserved 1048576K
}
Event: 96.842 GC heap before
{Heap before GC invocations=20 (full 3):
 PSYoungGen      total 131072K, used 111404K [0x00000000f5580000, 0x00000000ffc00000, 0x0000000100000000)
  eden space 97792K, 100% used [0x00000000f5580000,0x00000000fb500000,0x00000000fb500000)
  from space 33280K, 40% used [0x00000000fdb80000,0x00000000fe8cb218,0x00000000ffc00000)
  to   space 36352K, 0% used [0x00000000fb500000,0x00000000fb500000,0x00000000fd880000)
 ParOldGen       total 222208K, used 92806K [0x00000000e0000000, 0x00000000ed900000, 0x00000000f5580000)
  object space 222208K, 41% used [0x00000000e0000000,0x00000000e5aa18f8,0x00000000ed900000)
 Metaspace       used 83881K, capacity 89564K, committed 89728K, reserved 1126400K
  class space    used 11643K, capacity 12829K, committed 12928K, reserved 1048576K
Event: 96.895 GC heap after
Heap after GC invocations=20 (full 3):
 PSYoungGen      total 134144K, used 9650K [0x00000000f5580000, 0x0000000100000000, 0x0000000100000000)
  eden space 97792K, 0% used [0x00000000f5580000,0x00000000f5580000,0x00000000fb500000)
  from space 36352K, 26% used [0x00000000fb500000,0x00000000fbe6cae0,0x00000000fd880000)
  to   space 35840K, 0% used [0x00000000fdd00000,0x00000000fdd00000,0x0000000100000000)
 ParOldGen       total 222208K, used 105582K [0x00000000e0000000, 0x00000000ed900000, 0x00000000f5580000)
  object space 222208K, 47% used [0x00000000e0000000,0x00000000e671bb58,0x00000000ed900000)
 Metaspace       used 83881K, capacity 89564K, committed 89728K, reserved 1126400K
  class space    used 11643K, capacity 12829K, committed 12928K, reserved 1048576K
}
Event: 98.891 GC heap before
{Heap before GC invocations=21 (full 3):
 PSYoungGen      total 134144K, used 107442K [0x00000000f5580000, 0x0000000100000000, 0x0000000100000000)
  eden space 97792K, 100% used [0x00000000f5580000,0x00000000fb500000,0x00000000fb500000)
  from space 36352K, 26% used [0x00000000fb500000,0x00000000fbe6cae0,0x00000000fd880000)
  to   space 35840K, 0% used [0x00000000fdd00000,0x00000000fdd00000,0x0000000100000000)
 ParOldGen       total 222208K, used 105582K [0x00000000e0000000, 0x00000000ed900000, 0x00000000f5580000)
  object space 222208K, 47% used [0x00000000e0000000,0x00000000e671bb58,0x00000000ed900000)
 Metaspace       used 86223K, capacity 92084K, committed 92288K, reserved 1128448K
  class space    used 11955K, capacity 13129K, committed 13184K, reserved 1048576K
Event: 98.920 GC heap after
Heap after GC invocations=21 (full 3):
 PSYoungGen      total 136704K, used 9568K [0x00000000f5580000, 0x00000000ffe80000, 0x0000000100000000)
  eden space 102400K, 0% used [0x00000000f5580000,0x00000000f5580000,0x00000000fb980000)
  from space 34304K, 27% used [0x00000000fdd00000,0x00000000fe658330,0x00000000ffe80000)
  to   space 35328K, 0% used [0x00000000fb980000,0x00000000fb980000,0x00000000fdc00000)
 ParOldGen       total 222208K, used 110830K [0x00000000e0000000, 0x00000000ed900000, 0x00000000f5580000)
  object space 222208K, 49% used [0x00000000e0000000,0x00000000e6c3bb48,0x00000000ed900000)
 Metaspace       used 86223K, capacity 92084K, committed 92288K, reserved 1128448K
  class space    used 11955K, capacity 13129K, committed 13184K, reserved 1048576K
}
Event: 103.091 GC heap before
{Heap before GC invocations=22 (full 3):
 PSYoungGen      total 136704K, used 111968K [0x00000000f5580000, 0x00000000ffe80000, 0x0000000100000000)
  eden space 102400K, 100% used [0x00000000f5580000,0x00000000fb980000,0x00000000fb980000)
  from space 34304K, 27% used [0x00000000fdd00000,0x00000000fe658330,0x00000000ffe80000)
  to   space 35328K, 0% used [0x00000000fb980000,0x00000000fb980000,0x00000000fdc00000)
 ParOldGen       total 222208K, used 110830K [0x00000000e0000000, 0x00000000ed900000, 0x00000000f5580000)
  object space 222208K, 49% used [0x00000000e0000000,0x00000000e6c3bb48,0x00000000ed900000)
 Metaspace       used 92213K, capacity 98264K, committed 98560K, reserved 1134592K
  class space    used 12733K, capacity 13988K, committed 14080K, reserved 1048576K
Event: 103.138 GC heap after
Heap after GC invocations=22 (full 3):
 PSYoungGen      total 137728K, used 11171K [0x00000000f5580000, 0x00000000ffe00000, 0x0000000100000000)
  eden space 102400K, 0% used [0x00000000f5580000,0x00000000f5580000,0x00000000fb980000)
  from space 35328K, 31% used [0x00000000fb980000,0x00000000fc468d20,0x00000000fdc00000)
  to   space 33792K, 0% used [0x00000000fdd00000,0x00000000fdd00000,0x00000000ffe00000)
 ParOldGen       total 222208K, used 117957K [0x00000000e0000000, 0x00000000ed900000, 0x00000000f5580000)
  object space 222208K, 53% used [0x00000000e0000000,0x00000000e73314d8,0x00000000ed900000)
 Metaspace       used 92213K, capacity 98264K, committed 98560K, reserved 1134592K
  class space    used 12733K, capacity 13988K, committed 14080K, reserved 1048576K
}

